06.04.2022 15:26:24
    Invalid Birth date at line 1
    Microsoft.Hosting.Lifetime: Information: Application started. Press Ctrl+C to shut down.
    Microsoft.Hosting.Lifetime: Information: Hosting environment: Development
    Microsoft.Hosting.Lifetime: Information: Content root path: C:\Users\Robert\source\repos\Lab3\Lab3
06.04.2022 15:26:42
    Invalid Birth date at line 1
    Microsoft.Hosting.Lifetime: Information: Application started. Press Ctrl+C to shut down.
    Microsoft.Hosting.Lifetime: Information: Hosting environment: Development
    Microsoft.Hosting.Lifetime: Information: Content root path: C:\Users\Robert\source\repos\Lab3\Lab3
06.04.2022 15:31:25
    Lab3 Error: 0 : The numbers of rows in Patients.txt is not equal to 6
    Microsoft.Hosting.Lifetime: Information: Application started. Press Ctrl+C to shut down.
    Microsoft.Hosting.Lifetime: Information: Hosting environment: Development
    Microsoft.Hosting.Lifetime: Information: Content root path: C:\Users\Robert\source\repos\Lab3\Lab3
06.04.2022 15:31:44
06.04.2022 15:48:42
    Microsoft.Hosting.Lifetime: Information: Application started. Press Ctrl+C to shut down.
    Microsoft.Hosting.Lifetime: Information: Hosting environment: Development
    Microsoft.Hosting.Lifetime: Information: Content root path: C:\Users\Robert\source\repos\Lab3\Lab3
    Lab3.Areas.Identity.Pages.Account.LoginModel: Information: User logged in.
    Lab3.Areas.Identity.Pages.Account.LogoutModel: Information: User logged out.
    Lab3.Areas.Identity.Pages.Account.LoginModel: Information: User logged in.
06.04.2022 15:54:50
    Microsoft.Hosting.Lifetime: Information: Application started. Press Ctrl+C to shut down.
    Microsoft.Hosting.Lifetime: Information: Hosting environment: Development
    Microsoft.Hosting.Lifetime: Information: Content root path: C:\Users\Robert\source\repos\Lab3\Lab3
06.04.2022 15:57:06
06.04.2022 15:57:11
    Microsoft.Hosting.Lifetime: Information: Application started. Press Ctrl+C to shut down.
    Microsoft.Hosting.Lifetime: Information: Hosting environment: Development
    Microsoft.Hosting.Lifetime: Information: Content root path: C:\Users\Robert\source\repos\Lab3\Lab3
06.04.2022 15:59:16
    Microsoft.Hosting.Lifetime: Information: Application started. Press Ctrl+C to shut down.
    Microsoft.Hosting.Lifetime: Information: Hosting environment: Development
    Microsoft.Hosting.Lifetime: Information: Content root path: C:\Users\Robert\source\repos\Lab3\Lab3
06.04.2022 16:00:13
    Microsoft.Hosting.Lifetime: Information: Application started. Press Ctrl+C to shut down.
    Microsoft.Hosting.Lifetime: Information: Hosting environment: Development
    Microsoft.Hosting.Lifetime: Information: Content root path: C:\Users\Robert\source\repos\Lab3\Lab3
06.04.2022 16:00:34
    Microsoft.Hosting.Lifetime: Information: Application started. Press Ctrl+C to shut down.
    Microsoft.Hosting.Lifetime: Information: Hosting environment: Development
    Microsoft.Hosting.Lifetime: Information: Content root path: C:\Users\Robert\source\repos\Lab3\Lab3
06.04.2022 16:03:05
    Microsoft.Hosting.Lifetime: Information: Application started. Press Ctrl+C to shut down.
    Microsoft.Hosting.Lifetime: Information: Hosting environment: Development
    Microsoft.Hosting.Lifetime: Information: Content root path: C:\Users\Robert\source\repos\Lab3\Lab3
06.04.2022 16:03:36
    Microsoft.Hosting.Lifetime: Information: Application started. Press Ctrl+C to shut down.
    Microsoft.Hosting.Lifetime: Information: Hosting environment: Development
    Microsoft.Hosting.Lifetime: Information: Content root path: C:\Users\Robert\source\repos\Lab3\Lab3
06.04.2022 16:06:36
    Microsoft.Hosting.Lifetime: Information: Application started. Press Ctrl+C to shut down.
    Microsoft.Hosting.Lifetime: Information: Hosting environment: Development
    Microsoft.Hosting.Lifetime: Information: Content root path: C:\Users\Robert\source\repos\Lab3\Lab3
06.04.2022 16:10:34
    Microsoft.Hosting.Lifetime: Information: Application started. Press Ctrl+C to shut down.
    Microsoft.Hosting.Lifetime: Information: Hosting environment: Development
    Microsoft.Hosting.Lifetime: Information: Content root path: C:\Users\Robert\source\repos\Lab3\Lab3
06.04.2022 16:16:28
    Invalid Birth date at line 2
    Microsoft.Hosting.Lifetime: Information: Application started. Press Ctrl+C to shut down.
    Microsoft.Hosting.Lifetime: Information: Hosting environment: Development
    Microsoft.Hosting.Lifetime: Information: Content root path: C:\Users\Robert\source\repos\Lab3\Lab3
06.04.2022 16:17:07
    Lab3 Error: 0 : Non integer value departamentNumber at line 1
    Invalid Birth date at line 2
06.04.2022 16:18:24
    Microsoft.Hosting.Lifetime: Information: Application started. Press Ctrl+C to shut down.
    Microsoft.Hosting.Lifetime: Information: Hosting environment: Development
    Microsoft.Hosting.Lifetime: Information: Content root path: C:\Users\Robert\source\repos\Lab3\Lab3
06.04.2022 16:21:13
06.04.2022 16:22:26
06.04.2022 16:56:07
06.04.2022 18:25:27
    Microsoft.Hosting.Lifetime: Information: Application started. Press Ctrl+C to shut down.
    Microsoft.Hosting.Lifetime: Information: Hosting environment: Development
    Microsoft.Hosting.Lifetime: Information: Content root path: C:\Users\Robert\source\repos\Lab3\Lab3
